2025-10-01 16:49:16 - No errors found
2025-10-25 10:51:07 - ERRORS DETECTED IN LOG FILE!!!
2025-10-25 10:36:01 - ERROR: CSV Data Download failed from https://raw.githubusercontent.com/dataengineering-community/launchpad/refs/heads/main/Linux/sales_data.csv
2025-10-25 10:38:32 - ERROR: CSV Data Download failed from https://raw.githubusercontent.com/dataengineering-community/launchpad/refs/heads/main/Linux/sales_data.csv
2025-10-25 10:44:00 - ERROR: CSV Data Download failed from https://raw.githubusercontent.com/dataengineering-community/launchpad/refs/heads/main/Linux/sales_data.csv
2025-10-25 10:53:24 - ERRORS DETECTED IN LOG FILE!!!
2025-10-25 10:36:01 - ERROR: CSV Data Download failed from https://raw.githubusercontent.com/dataengineering-community/launchpad/refs/heads/main/Linux/sales_data.csv
2025-10-25 10:38:32 - ERROR: CSV Data Download failed from https://raw.githubusercontent.com/dataengineering-community/launchpad/refs/heads/main/Linux/sales_data.csv
2025-10-25 10:44:00 - ERROR: CSV Data Download failed from https://raw.githubusercontent.com/dataengineering-community/launchpad/refs/heads/main/Linux/sales_data.csv
2025-10-25 11:09:48 - ERRORS DETECTED IN LOG FILE!!!
2025-10-25 10:36:01 - ERROR: CSV Data Download failed from https://raw.githubusercontent.com/dataengineering-community/launchpad/refs/heads/main/Linux/sales_data.csv
2025-10-25 10:38:32 - ERROR: CSV Data Download failed from https://raw.githubusercontent.com/dataengineering-community/launchpad/refs/heads/main/Linux/sales_data.csv
2025-10-25 10:44:00 - ERROR: CSV Data Download failed from https://raw.githubusercontent.com/dataengineering-community/launchpad/refs/heads/main/Linux/sales_data.csv
2025-10-25 11:11:37 - ERRORS DETECTED IN LOG FILE!!!
2025-10-25 10:36:01 - ERROR: CSV Data Download failed from https://raw.githubusercontent.com/dataengineering-community/launchpad/refs/heads/main/Linux/sales_data.csv
2025-10-25 10:38:32 - ERROR: CSV Data Download failed from https://raw.githubusercontent.com/dataengineering-community/launchpad/refs/heads/main/Linux/sales_data.csv
2025-10-25 10:44:00 - ERROR: CSV Data Download failed from https://raw.githubusercontent.com/dataengineering-community/launchpad/refs/heads/main/Linux/sales_data.csv
2025-10-25 11:11:16 - ERROR: CSV Data Download failed from https://raw.githubusercontent.com/dataengineering-community/launchpad/refs/heads/main/Linux/sales_data.csv
2025-10-25 11:28:32 - ERRORS DETECTED IN LOG FILE!!!
2025-10-25 11:28:14 - ERROR: CSV Data Download failed from https://raw.githubusercontent.com/dataengineering-community/launchpad/refs/heads/main/Linux/sales_data.csv
2025-10-25 11:28:14 - Run aborted due to download error
2025-10-25 11:29:27 - ERRORS DETECTED IN LOG FILE!!!
2025-10-25 11:29:06 - ERROR: CSV Data Download failed from https://raw.githubusercontent.com/dataengineering-community/launchpad/refs/heads/main/Linux/sales_data.csv
2025-10-25 11:29:06 - Run aborted due to download error
2025-10-25 11:30:24 - ERRORS DETECTED IN LOG FILE!!!
2025-10-25 11:30:02 - ERROR: CSV Data Download failed from https://raw.githubusercontent.com/dataengineering-community/launchpad/refs/heads/main/Linux/sales_data.csv
2025-10-25 11:30:02 - Run aborted due to download error
2025-10-25 12:09:07 - ERRORS DETECTED IN LOG FILE!!!
2025-10-25 12:08:58 - ERROR: CSV Data Download failed from https://raw.githubusercontent.com/dataengineering-community/launchpad/refs/heads/main/Linux/sales_data.csv
2025-10-25 12:08:58 - Run aborted due to download error
2025-10-25 12:09:43 - ERRORS DETECTED IN LOG FILE!!!
2025-10-25 12:08:58 - ERROR: CSV Data Download failed from https://raw.githubusercontent.com/dataengineering-community/launchpad/refs/heads/main/Linux/sales_data.csv
2025-10-25 12:08:58 - Run aborted due to download error
2025-10-25 12:10:37 - ERRORS DETECTED IN LOG FILE!!!
2025-10-25 12:08:58 - ERROR: CSV Data Download failed from https://raw.githubusercontent.com/dataengineering-community/launchpad/refs/heads/main/Linux/sales_data.csv
2025-10-25 12:08:58 - Run aborted due to download error

==== 2025-10-25 12:26:54 Starting Monitoring ====

2025-10-25 12:26:54 - ERRORS DETECTED IN LOG FILE!!!
2025-10-25 12:26:48 - ERROR: CSV Data Download failed from https://raw.githubusercontent.com/dataengineering-community/launchpad/refs/heads/main/Linux/sales_data.csv
2025-10-25 12:26:48 - Run aborted due to download error

==== 2025-10-26 11:40:26 Starting Monitoring ====

2025-10-26 11:40:26 - ERRORS DETECTED IN LOG FILE!!!
2025-10-26 11:39:37 - ERROR: CSV Data Download failed from https://raw.githubusercontent.com/dataengineering-community/launchpad/refs/heads/main/Linux/sales_data.csv
2025-10-26 11:39:37 - Run aborted due to download error

==== 2025-10-26 11:41:25 Starting Monitoring ====

2025-10-26 11:41:25 - ERRORS DETECTED IN LOG FILE!!!
2025-10-26 11:39:37 - ERROR: CSV Data Download failed from https://raw.githubusercontent.com/dataengineering-community/launchpad/refs/heads/main/Linux/sales_data.csv
2025-10-26 11:39:37 - Run aborted due to download error

==== 2025-10-26 11:42:52 Starting Monitoring ====

2025-10-26 11:42:52 - ERRORS DETECTED IN LOG FILE!!!
2025-10-26 11:39:37 - ERROR: CSV Data Download failed from https://raw.githubusercontent.com/dataengineering-community/launchpad/refs/heads/main/Linux/sales_data.csv
2025-10-26 11:39:37 - Run aborted due to download error
